<?xml version="1.0" encoding="UTF-8"?>
<testng-results ignored="0" total="2" passed="2" failed="0" skipped="0">
  <reporter-output>
  </reporter-output>
  <suite started-at="2025-03-28T20:50:20 IST" name="Default suite" finished-at="2025-03-28T20:50:33 IST" duration-ms="12656">
    <groups>
    </groups>
    <test started-at="2025-03-28T20:50:20 IST" name="Default test" finished-at="2025-03-28T20:50:33 IST" duration-ms="12656">
      <class name="demoQA.URL_Validation">
        <test-method is-config="true" signature="setUp()[pri:0, instance:demoQA.URL_Validation@62379589]" started-at="2025-03-28T20:50:20 IST" name="setUp" finished-at="2025-03-28T20:50:31 IST" duration-ms="10927" status="PASS">
          <reporter-output>
          </reporter-output>
        </test-method> <!-- setUp -->
        <test-method signature="linkValidationValidLink()[pri:1, instance:demoQA.URL_Validation@62379589]" started-at="2025-03-28T20:50:31 IST" name="linkValidationValidLink" finished-at="2025-03-28T20:50:32 IST" duration-ms="512" status="PASS">
          <reporter-output>
          </reporter-output>
        </test-method> <!-- linkValidationValidLink -->
        <test-method signature="linkValidationBrokenLink()[pri:2, instance:demoQA.URL_Validation@62379589]" started-at="2025-03-28T20:50:32 IST" name="linkValidationBrokenLink" finished-at="2025-03-28T20:50:33 IST" duration-ms="676" status="PASS">
          <reporter-output>
          </reporter-output>
        </test-method> <!-- linkValidationBrokenLink -->
        <test-method is-config="true" signature="tearDown()[pri:0, instance:demoQA.URL_Validation@62379589]" started-at="2025-03-28T20:50:33 IST" name="tearDown" finished-at="2025-03-28T20:50:33 IST" duration-ms="449" status="PASS">
          <reporter-output>
          </reporter-output>
        </test-method> <!-- tearDown -->
      </class> <!-- demoQA.URL_Validation -->
    </test> <!-- Default test -->
  </suite> <!-- Default suite -->
</testng-results>
