<?xml version="1.0" encoding="UTF-8"?>
<testng-results ignored="0" total="1" passed="1" failed="0" skipped="0">
  <reporter-output>
  </reporter-output>
  <suite started-at="2025-03-27T19:24:16 IST" name="Default suite" finished-at="2025-03-27T19:25:35 IST" duration-ms="79013">
    <groups>
    </groups>
    <test started-at="2025-03-27T19:24:16 IST" name="Default test" finished-at="2025-03-27T19:25:35 IST" duration-ms="79013">
      <class name="deadLinkCity.HandlingBrokenLinks">
        <test-method is-config="true" signature="setUp()[pri:0, instance:deadLinkCity.HandlingBrokenLinks@3754a4bf]" started-at="2025-03-27T19:24:16 IST" name="setUp" finished-at="2025-03-27T19:24:38 IST" duration-ms="21639" status="PASS">
          <reporter-output>
          </reporter-output>
        </test-method> <!-- setUp -->
        <test-method signature="brokenLinks()[pri:0, instance:deadLinkCity.HandlingBrokenLinks@3754a4bf]" started-at="2025-03-27T19:24:38 IST" name="brokenLinks" finished-at="2025-03-27T19:25:34 IST" duration-ms="56840" status="PASS">
          <reporter-output>
          </reporter-output>
        </test-method> <!-- brokenLinks -->
        <test-method is-config="true" signature="tearDown()[pri:0, instance:deadLinkCity.HandlingBrokenLinks@3754a4bf]" started-at="2025-03-27T19:25:34 IST" name="tearDown" finished-at="2025-03-27T19:25:35 IST" duration-ms="448" status="PASS">
          <reporter-output>
          </reporter-output>
        </test-method> <!-- tearDown -->
      </class> <!-- deadLinkCity.HandlingBrokenLinks -->
    </test> <!-- Default test -->
  </suite> <!-- Default suite -->
</testng-results>
